<?xml version="1.0" encoding="UTF-8"?>
<testng-results ignored="0" total="1" passed="1" failed="0" skipped="0">
  <reporter-output>
  </reporter-output>
  <suite started-at="2020-01-17T17:46:05 EST" name="Default suite" finished-at="2020-01-17T17:46:28 EST" duration-ms="22794">
    <groups>
    </groups>
    <test started-at="2020-01-17T17:46:05 EST" name="Default test" finished-at="2020-01-17T17:46:28 EST" duration-ms="22794">
      <class name="CalculatorTestTest">
        <test-method is-config="true" signature="setup()[pri:0, instance:CalculatorTestTest@45018215]" started-at="2020-01-17T17:46:05 EST" name="setup" finished-at="2020-01-17T17:46:25 EST" duration-ms="19574" status="PASS">
          <reporter-output>
          </reporter-output>
        </test-method> <!-- setup -->
        <test-method signature="f()[pri:0, instance:CalculatorTestTest@45018215]" started-at="2020-01-17T17:46:25 EST" name="f" finished-at="2020-01-17T17:46:28 EST" duration-ms="3174" status="PASS">
          <reporter-output>
          </reporter-output>
        </test-method> <!-- f -->
      </class> <!-- CalculatorTestTest -->
    </test> <!-- Default test -->
  </suite> <!-- Default suite -->
</testng-results>
